<?xml version="1.0" encoding="UTF-8"?>
<robot generator="Robot 3.2.1 (Python 3.8.5 on win32)" generated="20200723 16:21:58.494" rpa="false">
<suite id="s1" name="Google" source="C:\Users\hasaneeyakae\ROBOT WK\robotframework-20200723\workshop-02\google.robot">
<test id="s1-t1" name="เปิด Google Chrome">
<kw name="Open Chrome Browser">
<kw name="Open Browser" library="SeleniumLibrary">
<doc>Opens a new browser instance to the optional ``url``.</doc>
<arguments>
<arg>http://Google.co.th</arg>
<arg>chrome</arg>
</arguments>
<msg timestamp="20200723 16:21:58.782" level="INFO">Opening browser 'chrome' to base url 'http://Google.co.th'.</msg>
<status status="PASS" starttime="20200723 16:21:58.781" endtime="20200723 16:22:04.279"></status>
</kw>
<status status="PASS" starttime="20200723 16:21:58.781" endtime="20200723 16:22:04.279"></status>
</kw>
<kw name="Input text : ในช่องค้นหา">
<kw name="Input Text" library="SeleniumLibrary">
<doc>Types the given ``text`` into the text field identified by ``locator``.</doc>
<arguments>
<arg>q</arg>
<arg>neeyalioness</arg>
</arguments>
<msg timestamp="20200723 16:22:04.281" level="INFO">Typing text 'neeyalioness' into text field 'q'.</msg>
<status status="PASS" starttime="20200723 16:22:04.280" endtime="20200723 16:22:04.524"></status>
</kw>
<status status="PASS" starttime="20200723 16:22:04.280" endtime="20200723 16:22:04.524"></status>
</kw>
<kw name="กดค้นหา">
<kw name="Press Keys" library="SeleniumLibrary">
<doc>Simulates the user pressing key(s) to an element or on the active browser.</doc>
<arguments>
<arg>q</arg>
<arg>RETURN</arg>
</arguments>
<msg timestamp="20200723 16:22:04.525" level="INFO">Sending key(s) ('RETURN',) to q element.</msg>
<msg timestamp="20200723 16:22:04.844" level="INFO">Pressing special key RETURN to element.</msg>
<msg timestamp="20200723 16:22:04.844" level="INFO">Releasing special key RETURN.</msg>
<status status="PASS" starttime="20200723 16:22:04.525" endtime="20200723 16:22:06.512"></status>
</kw>
<status status="PASS" starttime="20200723 16:22:04.524" endtime="20200723 16:22:06.512"></status>
</kw>
<kw name="คลิกที่ลิงค์แรกเสมอ เมื่อมีคำค้นหาที่ตรงกัน เปิดหน้าเว็บ">
<kw name="Click Link" library="SeleniumLibrary">
<doc>Clicks a link identified by ``locator``.</doc>
<arguments>
<arg>//*[@id="rso"]/div[1]/div/div[1]/a</arg>
</arguments>
<msg timestamp="20200723 16:22:06.513" level="INFO">Clicking link '//*[@id="rso"]/div[1]/div/div[1]/a'.</msg>
<status status="PASS" starttime="20200723 16:22:06.513" endtime="20200723 16:22:08.192"></status>
</kw>
<status status="PASS" starttime="20200723 16:22:06.513" endtime="20200723 16:22:08.192"></status>
</kw>
<kw name="ถ้าไม่มีคำที่ตรงกันเลย ให้หยุดการทำงานค้างไว้ที่หน้าจอค้นหา หรือ ปิดเบราว์เซอร์ลงไป">
<kw name="Close Browser" library="SeleniumLibrary">
<doc>Closes the current browser.</doc>
<status status="PASS" starttime="20200723 16:22:08.193" endtime="20200723 16:22:10.469"></status>
</kw>
<status status="PASS" starttime="20200723 16:22:08.192" endtime="20200723 16:22:10.470"></status>
</kw>
<status status="PASS" starttime="20200723 16:21:58.780" endtime="20200723 16:22:10.471" critical="yes"></status>
</test>
<status status="PASS" starttime="20200723 16:21:58.497" endtime="20200723 16:22:10.473"></status>
</suite>
<statistics>
<total>
<stat pass="1" fail="0">Critical Tests</stat>
<stat pass="1" fail="0">All Tests</stat>
</total>
<tag>
</tag>
<suite>
<stat pass="1" fail="0" id="s1" name="Google">Google</stat>
</suite>
</statistics>
<errors>
</errors>
</robot>
