<?xml version="1.0" encoding="UTF-8"?>
<robot generator="Robot 3.2.1 (Python 3.8.5 on win32)" generated="20200723 15:29:07.125" rpa="false">
<suite id="s1" name="Google" source="C:\Users\adisornwat\Documents\7 Weeks Workshop Allianz\Google\robotframework-20200723\workshop-03\google.robot">
<test id="s1-t1" name="ค้นหา BNK48 ใน google ผ่าน Google Chrome">
<kw name="Open Google in Google Chrome">
<kw name="Open Browser" library="SeleniumLibrary">
<doc>Opens a new browser instance to the optional ``url``.</doc>
<arguments>
<arg>http://www.google.com</arg>
<arg>chrome</arg>
</arguments>
<msg timestamp="20200723 15:29:07.413" level="INFO">Opening browser 'chrome' to base url 'http://www.google.com'.</msg>
<status status="PASS" starttime="20200723 15:29:07.413" endtime="20200723 15:29:12.405"></status>
</kw>
<status status="PASS" starttime="20200723 15:29:07.412" endtime="20200723 15:29:12.406"></status>
</kw>
<kw name="Type something which relate to what you want to search">
<kw name="Input Text" library="SeleniumLibrary">
<doc>Types the given ``text`` into the text field identified by ``locator``.</doc>
<arguments>
<arg>q</arg>
<arg>BNK48</arg>
</arguments>
<msg timestamp="20200723 15:29:12.407" level="INFO">Typing text 'BNK48' into text field 'q'.</msg>
<status status="PASS" starttime="20200723 15:29:12.407" endtime="20200723 15:29:12.692"></status>
</kw>
<status status="PASS" starttime="20200723 15:29:12.406" endtime="20200723 15:29:12.692"></status>
</kw>
<kw name="Found what you want to search">
<kw name="Press Keys" library="SeleniumLibrary">
<doc>Simulates the user pressing key(s) to an element or on the active browser.</doc>
<arguments>
<arg>q</arg>
<arg>RETURN</arg>
</arguments>
<msg timestamp="20200723 15:29:12.694" level="INFO">Sending key(s) ('RETURN',) to q element.</msg>
<msg timestamp="20200723 15:29:13.311" level="INFO">Pressing special key RETURN to element.</msg>
<msg timestamp="20200723 15:29:13.311" level="INFO">Releasing special key RETURN.</msg>
<status status="PASS" starttime="20200723 15:29:12.693" endtime="20200723 15:29:15.863"></status>
</kw>
<status status="PASS" starttime="20200723 15:29:12.692" endtime="20200723 15:29:15.863"></status>
</kw>
<status status="PASS" starttime="20200723 15:29:07.411" endtime="20200723 15:29:15.864" critical="yes"></status>
</test>
<status status="PASS" starttime="20200723 15:29:07.129" endtime="20200723 15:29:15.867"></status>
</suite>
<statistics>
<total>
<stat pass="1" fail="0">Critical Tests</stat>
<stat pass="1" fail="0">All Tests</stat>
</total>
<tag>
</tag>
<suite>
<stat pass="1" fail="0" id="s1" name="Google">Google</stat>
</suite>
</statistics>
<errors>
</errors>
</robot>
