<?xml version="1.0" encoding="UTF-8"?>
<robot generator="Robot 3.2.1 (Python 3.8.5 on win32)" generated="20200723 15:55:09.242" rpa="false">
<suite id="s1" name="Google" source="C:\Users\chatchanokwon\Desktop\robotframework-20200723\workshop-04\google.robot">
<test id="s1-t1" name="Search">
<kw name="เปิด google.co.th ใน chrome">
<kw name="Open Browser" library="SeleniumLibrary">
<doc>Opens a new browser instance to the optional ``url``.</doc>
<arguments>
<arg>http://www.google.co.th</arg>
<arg>Chrome</arg>
</arguments>
<msg timestamp="20200723 15:55:09.549" level="INFO">Opening browser 'Chrome' to base url 'http://www.google.co.th'.</msg>
<status status="PASS" starttime="20200723 15:55:09.548" endtime="20200723 15:55:15.092"></status>
</kw>
<status status="PASS" starttime="20200723 15:55:09.548" endtime="20200723 15:55:15.092"></status>
</kw>
<kw name="ค้นหาคำว่า ก๋วยเตี๋ยวเส้นเล็กน้ำใส">
<kw name="Input Text" library="SeleniumLibrary">
<doc>Types the given ``text`` into the text field identified by ``locator``.</doc>
<arguments>
<arg>q</arg>
<arg>ก๋วยเตี๋ยวเส้นเล็กน้ำใส</arg>
</arguments>
<msg timestamp="20200723 15:55:15.093" level="INFO">Typing text 'ก๋วยเตี๋ยวเส้นเล็กน้ำใส' into text field 'q'.</msg>
<status status="PASS" starttime="20200723 15:55:15.093" endtime="20200723 15:55:15.423"></status>
</kw>
<status status="PASS" starttime="20200723 15:55:15.092" endtime="20200723 15:55:15.423"></status>
</kw>
<kw name="กดปุ่มค้นหา ต้องพบคำว่า ก๋วยเตี๋ยวเส้นเล็กน้ำใส ใน ผลลัพธ์">
<kw name="Submit Form" library="SeleniumLibrary">
<doc>Submits a form identified by ``locator``.</doc>
<msg timestamp="20200723 15:55:15.425" level="INFO">Submitting form 'None'.</msg>
<status status="PASS" starttime="20200723 15:55:15.424" endtime="20200723 15:55:17.446"></status>
</kw>
<status status="PASS" starttime="20200723 15:55:15.424" endtime="20200723 15:55:17.446"></status>
</kw>
<kw name="รอจนเปลี่ยนผลการค้นหา">
<kw name="Wait Until Page Contains" library="SeleniumLibrary">
<doc>Waits until ``text`` appears on the current page.</doc>
<arguments>
<arg>ก๋วยเตี๋ยวเส้นเล็กน้ำใส</arg>
</arguments>
<status status="PASS" starttime="20200723 15:55:17.451" endtime="20200723 15:55:17.531"></status>
</kw>
<kw name="Page Should Contain" library="SeleniumLibrary">
<doc>Verifies that current page contains ``text``.</doc>
<arguments>
<arg>ก๋วยเตี๋ยวเส้นเล็กน้ำใส</arg>
</arguments>
<msg timestamp="20200723 15:55:17.567" level="INFO">Current page contains text 'ก๋วยเตี๋ยวเส้นเล็กน้ำใส'.</msg>
<status status="PASS" starttime="20200723 15:55:17.531" endtime="20200723 15:55:17.567"></status>
</kw>
<status status="PASS" starttime="20200723 15:55:17.450" endtime="20200723 15:55:17.568"></status>
</kw>
<kw name="คลิ๊ก link แรกที่เจอ">
<kw name="Click Element" library="SeleniumLibrary">
<doc>Click the element identified by ``locator``.</doc>
<arguments>
<arg>dimg_16</arg>
</arguments>
<msg timestamp="20200723 15:55:17.570" level="INFO">Clicking element 'dimg_16'.</msg>
<status status="PASS" starttime="20200723 15:55:17.569" endtime="20200723 15:55:22.018"></status>
</kw>
<status status="PASS" starttime="20200723 15:55:17.568" endtime="20200723 15:55:22.018"></status>
</kw>
<status status="PASS" starttime="20200723 15:55:09.547" endtime="20200723 15:55:22.019" critical="yes"></status>
</test>
<status status="PASS" starttime="20200723 15:55:09.247" endtime="20200723 15:55:22.021"></status>
</suite>
<statistics>
<total>
<stat pass="1" fail="0">Critical Tests</stat>
<stat pass="1" fail="0">All Tests</stat>
</total>
<tag>
</tag>
<suite>
<stat pass="1" fail="0" id="s1" name="Google">Google</stat>
</suite>
</statistics>
<errors>
</errors>
</robot>
