<?xml version="1.0" encoding="UTF-8"?>
<robot generator="Robot 3.2.1 (Python 3.8.5 on win32)" generated="20200723 16:01:20.279" rpa="false">
<suite id="s1" name="Google" source="C:\Users\adisornwat\Documents\7 Weeks Workshop Allianz\Google\robotframework-20200723\workshop-04\google.robot">
<test id="s1-t1" name="ค้นหา BNK48 ใน google ผ่าน Google Chrome">
<kw name="Open Google in Google Chrome">
<kw name="Open Browser" library="SeleniumLibrary">
<doc>Opens a new browser instance to the optional ``url``.</doc>
<arguments>
<arg>http://www.google.com</arg>
<arg>chrome</arg>
</arguments>
<msg timestamp="20200723 16:01:20.666" level="INFO">Opening browser 'chrome' to base url 'http://www.google.com'.</msg>
<status status="PASS" starttime="20200723 16:01:20.666" endtime="20200723 16:01:26.419"></status>
</kw>
<status status="PASS" starttime="20200723 16:01:20.665" endtime="20200723 16:01:26.419"></status>
</kw>
<kw name="Type something which relate to what you want to search">
<kw name="Input Text" library="SeleniumLibrary">
<doc>Types the given ``text`` into the text field identified by ``locator``.</doc>
<arguments>
<arg>q</arg>
<arg>BNK48</arg>
</arguments>
<msg timestamp="20200723 16:01:26.421" level="INFO">Typing text 'BNK48' into text field 'q'.</msg>
<status status="PASS" starttime="20200723 16:01:26.420" endtime="20200723 16:01:26.939"></status>
</kw>
<status status="PASS" starttime="20200723 16:01:26.420" endtime="20200723 16:01:26.939"></status>
</kw>
<kw name="Found what you want to search">
<kw name="Press Keys" library="SeleniumLibrary">
<doc>Simulates the user pressing key(s) to an element or on the active browser.</doc>
<arguments>
<arg>q</arg>
<arg>RETURN</arg>
</arguments>
<msg timestamp="20200723 16:01:26.941" level="INFO">Sending key(s) ('RETURN',) to q element.</msg>
<msg timestamp="20200723 16:01:27.428" level="INFO">Pressing special key RETURN to element.</msg>
<msg timestamp="20200723 16:01:27.428" level="INFO">Releasing special key RETURN.</msg>
<status status="PASS" starttime="20200723 16:01:26.941" endtime="20200723 16:01:31.210"></status>
</kw>
<status status="PASS" starttime="20200723 16:01:26.940" endtime="20200723 16:01:31.211"></status>
</kw>
<kw name="Click the 1st link">
<kw name="Click Link" library="SeleniumLibrary">
<doc>Clicks a link identified by ``locator``.</doc>
<arguments>
<arg>BNK48 Official Website</arg>
</arguments>
<msg timestamp="20200723 16:01:31.214" level="INFO">Clicking link 'BNK48 Official Website'.</msg>
<status status="PASS" starttime="20200723 16:01:31.213" endtime="20200723 16:01:38.468"></status>
</kw>
<status status="PASS" starttime="20200723 16:01:31.213" endtime="20200723 16:01:38.468"></status>
</kw>
<status status="PASS" starttime="20200723 16:01:20.664" endtime="20200723 16:01:38.469" critical="yes"></status>
</test>
<status status="PASS" starttime="20200723 16:01:20.283" endtime="20200723 16:01:38.472"></status>
</suite>
<statistics>
<total>
<stat pass="1" fail="0">Critical Tests</stat>
<stat pass="1" fail="0">All Tests</stat>
</total>
<tag>
</tag>
<suite>
<stat pass="1" fail="0" id="s1" name="Google">Google</stat>
</suite>
</statistics>
<errors>
</errors>
</robot>
